Reading netlist file: "C:\Users\PABLO-LAP-LENOVO\Documents\gti programing projects\hdl\DecoderSepemex\Decoder\impl\gwsynthesis\Decoder.vg"
Parsing netlist file "C:\Users\PABLO-LAP-LENOVO\Documents\gti programing projects\hdl\DecoderSepemex\Decoder\impl\gwsynthesis\Decoder.vg" completed
Processing netlist completed
Reading constraint file: "C:\Users\PABLO-LAP-LENOVO\Documents\gti programing projects\hdl\DecoderSepemex\Decoder\src\Decoder.cst"
Physical Constraint parsed completed
Running placement......
[10%] Placement Phase 0 completed
[20%] Placement Phase 1 completed
[30%] Placement Phase 2 completed
[50%] Placement Phase 3 completed
Running routing......
[60%] Routing Phase 0 completed
[70%] Routing Phase 1 completed
[80%] Routing Phase 2 completed
[90%] Routing Phase 3 completed
Running timing analysis......
[95%] Timing analysis completed
Placement and routing completed
Bitstream generation in progress......
Bitstream generation completed
Running power analysis......
[100%] Power analysis completed
Generate file "C:\Users\PABLO-LAP-LENOVO\Documents\gti programing projects\hdl\DecoderSepemex\Decoder\impl\pnr\Decoder.power.html" completed
Generate file "C:\Users\PABLO-LAP-LENOVO\Documents\gti programing projects\hdl\DecoderSepemex\Decoder\impl\pnr\Decoder.pin.html" completed
Generate file "C:\Users\PABLO-LAP-LENOVO\Documents\gti programing projects\hdl\DecoderSepemex\Decoder\impl\pnr\Decoder.rpt.html" completed
Generate file "C:\Users\PABLO-LAP-LENOVO\Documents\gti programing projects\hdl\DecoderSepemex\Decoder\impl\pnr\Decoder.rpt.txt" completed
Generate file "C:\Users\PABLO-LAP-LENOVO\Documents\gti programing projects\hdl\DecoderSepemex\Decoder\impl\pnr\Decoder.tr.html" completed
Sun Sep  1 15:37:19 2024

